【DEBUG】【21-06-28】【org.apache.ibatis.logging.LogFactory】Logging initialized using 'class org.apache.ibatis.logging.log4j.Log4jImpl' adapter.
【DEBUG】【21-06-28】【org.apache.ibatis.logging.LogFactory】Logging initialized using 'class org.apache.ibatis.logging.log4j.Log4jImpl' adapter.
【DEBUG】【21-06-28】【org.apache.ibatis.datasource.pooled.PooledDataSource】PooledDataSource forcefully closed/removed all connections.
【DEBUG】【21-06-28】【org.apache.ibatis.datasource.pooled.PooledDataSource】PooledDataSource forcefully closed/removed all connections.
【DEBUG】【21-06-28】【org.apache.ibatis.datasource.pooled.PooledDataSource】PooledDataSource forcefully closed/removed all connections.
【DEBUG】【21-06-28】【org.apache.ibatis.datasource.pooled.PooledDataSource】PooledDataSource forcefully closed/removed all connections.
【DEBUG】【21-06-28】【org.apache.ibatis.transaction.jdbc.JdbcTransaction】Opening JDBC Connection
【DEBUG】【21-06-28】【org.apache.ibatis.datasource.pooled.PooledDataSource】Created connection 1800659519.
【DEBUG】【21-06-28】【org.apache.ibatis.transaction.jdbc.JdbcTransaction】Setting autocommit to false on JDBC Connection [com.mysql.jdbc.JDBC4Connection@6b53e23f]
【DEBUG】【21-06-28】【com.doer.dao.UserMapper.getUserByLimit】==>  Preparing: select * from user limit ?,?
【DEBUG】【21-06-28】【com.doer.dao.UserMapper.getUserByLimit】==> Parameters: 0(Integer), 2(Integer)
【DEBUG】【21-06-28】【com.doer.dao.UserMapper.getUserByLimit】<==      Total: 2
【DEBUG】【21-06-28】【org.apache.ibatis.transaction.jdbc.JdbcTransaction】Resetting autocommit to true on JDBC Connection [com.mysql.jdbc.JDBC4Connection@6b53e23f]
【DEBUG】【21-06-28】【org.apache.ibatis.transaction.jdbc.JdbcTransaction】Closing JDBC Connection [com.mysql.jdbc.JDBC4Connection@6b53e23f]
【DEBUG】【21-06-28】【org.apache.ibatis.datasource.pooled.PooledDataSource】Returned connection 1800659519 to pool.
【DEBUG】【21-06-28】【org.apache.ibatis.logging.LogFactory】Logging initialized using 'class org.apache.ibatis.logging.log4j.Log4jImpl' adapter.
【DEBUG】【21-06-28】【org.apache.ibatis.logging.LogFactory】Logging initialized using 'class org.apache.ibatis.logging.log4j.Log4jImpl' adapter.
【DEBUG】【21-06-28】【org.apache.ibatis.datasource.pooled.PooledDataSource】PooledDataSource forcefully closed/removed all connections.
【DEBUG】【21-06-28】【org.apache.ibatis.datasource.pooled.PooledDataSource】PooledDataSource forcefully closed/removed all connections.
【DEBUG】【21-06-28】【org.apache.ibatis.datasource.pooled.PooledDataSource】PooledDataSource forcefully closed/removed all connections.
【DEBUG】【21-06-28】【org.apache.ibatis.datasource.pooled.PooledDataSource】PooledDataSource forcefully closed/removed all connections.
【DEBUG】【21-06-28】【org.apache.ibatis.transaction.jdbc.JdbcTransaction】Opening JDBC Connection
【DEBUG】【21-06-28】【org.apache.ibatis.datasource.pooled.PooledDataSource】Created connection 1800659519.
【DEBUG】【21-06-28】【org.apache.ibatis.transaction.jdbc.JdbcTransaction】Setting autocommit to false on JDBC Connection [com.mysql.jdbc.JDBC4Connection@6b53e23f]
【DEBUG】【21-06-28】【com.doer.dao.UserMapper.getUserByLimit】==>  Preparing: select * from user limit ?,?
【DEBUG】【21-06-28】【com.doer.dao.UserMapper.getUserByLimit】==> Parameters: 0(Integer), 2(Integer)
【DEBUG】【21-06-28】【com.doer.dao.UserMapper.getUserByLimit】<==      Total: 2
【DEBUG】【21-06-28】【org.apache.ibatis.transaction.jdbc.JdbcTransaction】Resetting autocommit to true on JDBC Connection [com.mysql.jdbc.JDBC4Connection@6b53e23f]
【DEBUG】【21-06-28】【org.apache.ibatis.transaction.jdbc.JdbcTransaction】Closing JDBC Connection [com.mysql.jdbc.JDBC4Connection@6b53e23f]
【DEBUG】【21-06-28】【org.apache.ibatis.datasource.pooled.PooledDataSource】Returned connection 1800659519 to pool.
【DEBUG】【21-06-28】【org.apache.ibatis.logging.LogFactory】Logging initialized using 'class org.apache.ibatis.logging.log4j.Log4jImpl' adapter.
【DEBUG】【21-06-28】【org.apache.ibatis.logging.LogFactory】Logging initialized using 'class org.apache.ibatis.logging.log4j.Log4jImpl' adapter.
【DEBUG】【21-06-28】【org.apache.ibatis.datasource.pooled.PooledDataSource】PooledDataSource forcefully closed/removed all connections.
【DEBUG】【21-06-28】【org.apache.ibatis.datasource.pooled.PooledDataSource】PooledDataSource forcefully closed/removed all connections.
【DEBUG】【21-06-28】【org.apache.ibatis.datasource.pooled.PooledDataSource】PooledDataSource forcefully closed/removed all connections.
【DEBUG】【21-06-28】【org.apache.ibatis.datasource.pooled.PooledDataSource】PooledDataSource forcefully closed/removed all connections.
【DEBUG】【21-06-28】【org.apache.ibatis.transaction.jdbc.JdbcTransaction】Opening JDBC Connection
【DEBUG】【21-06-28】【org.apache.ibatis.datasource.pooled.PooledDataSource】Created connection 1800659519.
【DEBUG】【21-06-28】【org.apache.ibatis.transaction.jdbc.JdbcTransaction】Setting autocommit to false on JDBC Connection [com.mysql.jdbc.JDBC4Connection@6b53e23f]
【DEBUG】【21-06-28】【com.doer.dao.UserMapper.getUserByLimit】==>  Preparing: select * from user limit ?,?
【DEBUG】【21-06-28】【com.doer.dao.UserMapper.getUserByLimit】==> Parameters: 0(Integer), 2(Integer)
【DEBUG】【21-06-28】【com.doer.dao.UserMapper.getUserByLimit】<==      Total: 2
【DEBUG】【21-06-28】【org.apache.ibatis.transaction.jdbc.JdbcTransaction】Resetting autocommit to true on JDBC Connection [com.mysql.jdbc.JDBC4Connection@6b53e23f]
【DEBUG】【21-06-28】【org.apache.ibatis.transaction.jdbc.JdbcTransaction】Closing JDBC Connection [com.mysql.jdbc.JDBC4Connection@6b53e23f]
【DEBUG】【21-06-28】【org.apache.ibatis.datasource.pooled.PooledDataSource】Returned connection 1800659519 to pool.
【DEBUG】【21-06-28】【org.apache.ibatis.logging.LogFactory】Logging initialized using 'class org.apache.ibatis.logging.log4j.Log4jImpl' adapter.
【DEBUG】【21-06-28】【org.apache.ibatis.logging.LogFactory】Logging initialized using 'class org.apache.ibatis.logging.log4j.Log4jImpl' adapter.
【DEBUG】【21-06-28】【org.apache.ibatis.datasource.pooled.PooledDataSource】PooledDataSource forcefully closed/removed all connections.
【DEBUG】【21-06-28】【org.apache.ibatis.datasource.pooled.PooledDataSource】PooledDataSource forcefully closed/removed all connections.
【DEBUG】【21-06-28】【org.apache.ibatis.datasource.pooled.PooledDataSource】PooledDataSource forcefully closed/removed all connections.
【DEBUG】【21-06-28】【org.apache.ibatis.datasource.pooled.PooledDataSource】PooledDataSource forcefully closed/removed all connections.
【DEBUG】【21-06-28】【org.apache.ibatis.transaction.jdbc.JdbcTransaction】Opening JDBC Connection
【DEBUG】【21-06-28】【org.apache.ibatis.datasource.pooled.PooledDataSource】Created connection 1800659519.
【DEBUG】【21-06-28】【org.apache.ibatis.transaction.jdbc.JdbcTransaction】Setting autocommit to false on JDBC Connection [com.mysql.jdbc.JDBC4Connection@6b53e23f]
【DEBUG】【21-06-28】【com.doer.dao.UserMapper.getUserByLimit】==>  Preparing: select * from user limit ?,?
【DEBUG】【21-06-28】【com.doer.dao.UserMapper.getUserByLimit】==> Parameters: 0(Integer), 2(Integer)
【DEBUG】【21-06-28】【com.doer.dao.UserMapper.getUserByLimit】<==      Total: 2
【DEBUG】【21-06-28】【org.apache.ibatis.transaction.jdbc.JdbcTransaction】Resetting autocommit to true on JDBC Connection [com.mysql.jdbc.JDBC4Connection@6b53e23f]
【DEBUG】【21-06-28】【org.apache.ibatis.transaction.jdbc.JdbcTransaction】Closing JDBC Connection [com.mysql.jdbc.JDBC4Connection@6b53e23f]
【DEBUG】【21-06-28】【org.apache.ibatis.datasource.pooled.PooledDataSource】Returned connection 1800659519 to pool.
【DEBUG】【21-06-28】【org.apache.ibatis.logging.LogFactory】Logging initialized using 'class org.apache.ibatis.logging.log4j.Log4jImpl' adapter.
【DEBUG】【21-06-28】【org.apache.ibatis.datasource.pooled.PooledDataSource】PooledDataSource forcefully closed/removed all connections.
【DEBUG】【21-06-28】【org.apache.ibatis.datasource.pooled.PooledDataSource】PooledDataSource forcefully closed/removed all connections.
【DEBUG】【21-06-28】【org.apache.ibatis.datasource.pooled.PooledDataSource】PooledDataSource forcefully closed/removed all connections.
【DEBUG】【21-06-28】【org.apache.ibatis.datasource.pooled.PooledDataSource】PooledDataSource forcefully closed/removed all connections.
【DEBUG】【21-06-28】【org.apache.ibatis.transaction.jdbc.JdbcTransaction】Opening JDBC Connection
【DEBUG】【21-06-28】【org.apache.ibatis.datasource.pooled.PooledDataSource】Created connection 891095110.
【DEBUG】【21-06-28】【org.apache.ibatis.transaction.jdbc.JdbcTransaction】Setting autocommit to false on JDBC Connection [com.mysql.jdbc.JDBC4Connection@351d0846]
【DEBUG】【21-06-28】【com.doer.dao.UserMapper.getUserByLimit】==>  Preparing: select * from user limit ?,?
【DEBUG】【21-06-28】【com.doer.dao.UserMapper.getUserByLimit】==> Parameters: 0(Integer), 2(Integer)
【DEBUG】【21-06-28】【com.doer.dao.UserMapper.getUserByLimit】<==      Total: 2
【DEBUG】【21-06-28】【org.apache.ibatis.transaction.jdbc.JdbcTransaction】Resetting autocommit to true on JDBC Connection [com.mysql.jdbc.JDBC4Connection@351d0846]
【DEBUG】【21-06-28】【org.apache.ibatis.transaction.jdbc.JdbcTransaction】Closing JDBC Connection [com.mysql.jdbc.JDBC4Connection@351d0846]
【DEBUG】【21-06-28】【org.apache.ibatis.datasource.pooled.PooledDataSource】Returned connection 891095110 to pool.
【DEBUG】【21-06-28】【org.apache.ibatis.logging.LogFactory】Logging initialized using 'class org.apache.ibatis.logging.log4j.Log4jImpl' adapter.
【DEBUG】【21-06-28】【org.apache.ibatis.datasource.pooled.PooledDataSource】PooledDataSource forcefully closed/removed all connections.
【DEBUG】【21-06-28】【org.apache.ibatis.datasource.pooled.PooledDataSource】PooledDataSource forcefully closed/removed all connections.
【DEBUG】【21-06-28】【org.apache.ibatis.datasource.pooled.PooledDataSource】PooledDataSource forcefully closed/removed all connections.
【DEBUG】【21-06-28】【org.apache.ibatis.datasource.pooled.PooledDataSource】PooledDataSource forcefully closed/removed all connections.
【DEBUG】【21-06-28】【org.apache.ibatis.logging.LogFactory】Logging initialized using 'class org.apache.ibatis.logging.log4j.Log4jImpl' adapter.
【DEBUG】【21-06-28】【org.apache.ibatis.datasource.pooled.PooledDataSource】PooledDataSource forcefully closed/removed all connections.
【DEBUG】【21-06-28】【org.apache.ibatis.datasource.pooled.PooledDataSource】PooledDataSource forcefully closed/removed all connections.
【DEBUG】【21-06-28】【org.apache.ibatis.datasource.pooled.PooledDataSource】PooledDataSource forcefully closed/removed all connections.
【DEBUG】【21-06-28】【org.apache.ibatis.datasource.pooled.PooledDataSource】PooledDataSource forcefully closed/removed all connections.
【DEBUG】【21-06-28】【org.apache.ibatis.transaction.jdbc.JdbcTransaction】Opening JDBC Connection
【DEBUG】【21-06-28】【org.apache.ibatis.datasource.pooled.PooledDataSource】Created connection 891095110.
【DEBUG】【21-06-28】【org.apache.ibatis.transaction.jdbc.JdbcTransaction】Setting autocommit to false on JDBC Connection [com.mysql.jdbc.JDBC4Connection@351d0846]
【DEBUG】【21-06-28】【com.doer.dao.UserMapper.getUserByLimit】==>  Preparing: select * from user limit ?,?
【DEBUG】【21-06-28】【com.doer.dao.UserMapper.getUserByLimit】==> Parameters: 0(Integer), 2(Integer)
【DEBUG】【21-06-28】【com.doer.dao.UserMapper.getUserByLimit】<==      Total: 2
【DEBUG】【21-06-28】【org.apache.ibatis.transaction.jdbc.JdbcTransaction】Resetting autocommit to true on JDBC Connection [com.mysql.jdbc.JDBC4Connection@351d0846]
【DEBUG】【21-06-28】【org.apache.ibatis.transaction.jdbc.JdbcTransaction】Closing JDBC Connection [com.mysql.jdbc.JDBC4Connection@351d0846]
【DEBUG】【21-06-28】【org.apache.ibatis.datasource.pooled.PooledDataSource】Returned connection 891095110 to pool.
【DEBUG】【21-06-28】【org.apache.ibatis.logging.LogFactory】Logging initialized using 'class org.apache.ibatis.logging.log4j.Log4jImpl' adapter.
【DEBUG】【21-06-28】【org.apache.ibatis.datasource.pooled.PooledDataSource】PooledDataSource forcefully closed/removed all connections.
【DEBUG】【21-06-28】【org.apache.ibatis.datasource.pooled.PooledDataSource】PooledDataSource forcefully closed/removed all connections.
【DEBUG】【21-06-28】【org.apache.ibatis.datasource.pooled.PooledDataSource】PooledDataSource forcefully closed/removed all connections.
【DEBUG】【21-06-28】【org.apache.ibatis.datasource.pooled.PooledDataSource】PooledDataSource forcefully closed/removed all connections.
【DEBUG】【21-06-28】【org.apache.ibatis.transaction.jdbc.JdbcTransaction】Opening JDBC Connection
【DEBUG】【21-06-28】【org.apache.ibatis.datasource.pooled.PooledDataSource】Created connection 891095110.
【DEBUG】【21-06-28】【org.apache.ibatis.transaction.jdbc.JdbcTransaction】Setting autocommit to false on JDBC Connection [com.mysql.jdbc.JDBC4Connection@351d0846]
【DEBUG】【21-06-28】【com.doer.dao.UserMapper.getUserByLimit】==>  Preparing: select * from user limit ?,?
【DEBUG】【21-06-28】【com.doer.dao.UserMapper.getUserByLimit】==> Parameters: 0(Integer), 2(Integer)
【DEBUG】【21-06-28】【com.doer.dao.UserMapper.getUserByLimit】<==      Total: 2
【DEBUG】【21-06-28】【org.apache.ibatis.transaction.jdbc.JdbcTransaction】Resetting autocommit to true on JDBC Connection [com.mysql.jdbc.JDBC4Connection@351d0846]
【DEBUG】【21-06-28】【org.apache.ibatis.transaction.jdbc.JdbcTransaction】Closing JDBC Connection [com.mysql.jdbc.JDBC4Connection@351d0846]
【DEBUG】【21-06-28】【org.apache.ibatis.datasource.pooled.PooledDataSource】Returned connection 891095110 to pool.
